[0m08:40:46.023892 [debug] [MainThread]: Sending event: {'category': 'dbt', 'action': 'invocation', 'label': 'start', 'context': [<snowplow_tracker.self_describing_json.SelfDescribingJson object at 0x7f02bceeda20>, <snowplow_tracker.self_describing_json.SelfDescribingJson object at 0x7f02bb49fe20>, <snowplow_tracker.self_describing_json.SelfDescribingJson object at 0x7f02bb49fd90>]}


============================== 08:40:46.028505 | 06310250-cebd-48ab-a2c6-91cf9b1807b8 ==============================
[0m08:40:46.028505 [info ] [MainThread]: Running with dbt=1.5.1
[0m08:40:46.029844 [debug] [MainThread]: running dbt with arguments {'printer_width': '80', 'indirect_selection': 'eager', 'log_cache_events': 'False', 'write_json': 'True', 'partial_parse': 'True', 'cache_selected_only': 'False', 'profiles_dir': '/home/codespace/.dbt', 'version_check': 'True', 'warn_error': 'None', 'log_path': 'logs', 'debug': 'False', 'fail_fast': 'False', 'use_colors': 'True', 'use_experimental_parser': 'False', 'no_print': 'None', 'quiet': 'False', 'log_format': 'default', 'static_parser': 'True', 'introspect': 'True', 'warn_error_options': 'WarnErrorOptions(include=[], exclude=[])', 'target_path': 'None', 'send_anonymous_usage_stats': 'True'}
[0m08:40:59.935483 [debug] [MainThread]: Starter project path: /workspaces/dw-and-bi/getting-started-with-analytics-engineering-main/ENV/lib/python3.10/site-packages/dbt/include/starter_project
[0m08:41:11.426257 [info ] [MainThread]: 
Your new dbt project "greenery" was created!

For more information on how to configure the profiles.yml file,
please consult the dbt documentation here:

  https://docs.getdbt.com/docs/configure-your-profile

One more thing:

Need help? Don't hesitate to reach out to us via GitHub issues or on Slack:

  https://community.getdbt.com/

Happy modeling!

[0m08:41:11.427490 [debug] [MainThread]: Command `dbt init` succeeded at 08:41:11.427310 after 25.41 seconds
[0m08:41:11.428049 [debug] [MainThread]: Sending event: {'category': 'dbt', 'action': 'invocation', 'label': 'end', 'context': [<snowplow_tracker.self_describing_json.SelfDescribingJson object at 0x7f02bceeda20>, <snowplow_tracker.self_describing_json.SelfDescribingJson object at 0x7f02bb49ff10>, <snowplow_tracker.self_describing_json.SelfDescribingJson object at 0x7f02bb49feb0>]}
[0m08:41:11.428608 [debug] [MainThread]: Flushing usage events
[0m08:44:31.976988 [debug] [MainThread]: Sending event: {'category': 'dbt', 'action': 'invocation', 'label': 'start', 'context': [<snowplow_tracker.self_describing_json.SelfDescribingJson object at 0x7f9d5c589a20>, <snowplow_tracker.self_describing_json.SelfDescribingJson object at 0x7f9d5aba7e20>, <snowplow_tracker.self_describing_json.SelfDescribingJson object at 0x7f9d5aba7d90>]}


============================== 08:44:31.980083 | 44f70248-c373-4fd5-be38-faffbc6d39fd ==============================
[0m08:44:31.980083 [info ] [MainThread]: Running with dbt=1.5.1
[0m08:44:31.981166 [debug] [MainThread]: running dbt with arguments {'printer_width': '80', 'indirect_selection': 'eager', 'write_json': 'True', 'log_cache_events': 'False', 'partial_parse': 'True', 'cache_selected_only': 'False', 'warn_error': 'None', 'version_check': 'True', 'profiles_dir': '/home/codespace/.dbt', 'log_path': 'logs', 'fail_fast': 'False', 'debug': 'False', 'use_colors': 'True', 'use_experimental_parser': 'False', 'no_print': 'None', 'quiet': 'False', 'log_format': 'default', 'introspect': 'True', 'warn_error_options': 'WarnErrorOptions(include=[], exclude=[])', 'static_parser': 'True', 'target_path': 'None', 'send_anonymous_usage_stats': 'True'}
[0m08:44:31.981907 [info ] [MainThread]: dbt version: 1.5.1
[0m08:44:31.982543 [info ] [MainThread]: python version: 3.10.13
[0m08:44:31.983218 [info ] [MainThread]: python path: /workspaces/dw-and-bi/getting-started-with-analytics-engineering-main/ENV/bin/python
[0m08:44:31.983886 [info ] [MainThread]: os info: Linux-6.2.0-1019-azure-x86_64-with-glibc2.31
[0m08:44:31.984547 [info ] [MainThread]: Using profiles.yml file at /home/codespace/.dbt/profiles.yml
[0m08:44:31.985225 [info ] [MainThread]: Using dbt_project.yml file at /workspaces/dw-and-bi/getting-started-with-analytics-engineering-main/dbt_project.yml
[0m08:44:31.986166 [info ] [MainThread]: Configuration:
[0m08:44:32.043217 [info ] [MainThread]:   profiles.yml file [[31mERROR invalid[0m]
[0m08:44:32.044588 [info ] [MainThread]:   dbt_project.yml file [[31mERROR not found[0m]
[0m08:44:32.045694 [info ] [MainThread]: Required dependencies:
[0m08:44:32.046804 [debug] [MainThread]: Executing "git --help"
[0m08:44:32.051804 [debug] [MainThread]: STDOUT: "b"usage: git [-v | --version] [-h | --help] [-C <path>] [-c <name>=<value>]\n           [--exec-path[=<path>]] [--html-path] [--man-path] [--info-path]\n           [-p | --paginate | -P | --no-pager] [--no-replace-objects] [--bare]\n           [--git-dir=<path>] [--work-tree=<path>] [--namespace=<name>]\n           [--config-env=<name>=<envvar>] <command> [<args>]\n\nThese are common Git commands used in various situations:\n\nstart a working area (see also: git help tutorial)\n   clone     Clone a repository into a new directory\n   init      Create an empty Git repository or reinitialize an existing one\n\nwork on the current change (see also: git help everyday)\n   add       Add file contents to the index\n   mv        Move or rename a file, a directory, or a symlink\n   restore   Restore working tree files\n   rm        Remove files from the working tree and from the index\n\nexamine the history and state (see also: git help revisions)\n   bisect    Use binary search to find the commit that introduced a bug\n   diff      Show changes between commits, commit and working tree, etc\n   grep      Print lines matching a pattern\n   log       Show commit logs\n   show      Show various types of objects\n   status    Show the working tree status\n\ngrow, mark and tweak your common history\n   branch    List, create, or delete branches\n   commit    Record changes to the repository\n   merge     Join two or more development histories together\n   rebase    Reapply commits on top of another base tip\n   reset     Reset current HEAD to the specified state\n   switch    Switch branches\n   tag       Create, list, delete or verify a tag object signed with GPG\n\ncollaborate (see also: git help workflows)\n   fetch     Download objects and refs from another repository\n   pull      Fetch from and integrate with another repository or a local branch\n   push      Update remote refs along with associated objects\n\n'git help -a' and 'git help -g' list available subcommands and some\nconcept guides. See 'git help <command>' or 'git help <concept>'\nto read about a specific subcommand or concept.\nSee 'git help git' for an overview of the system.\n""
[0m08:44:32.052584 [debug] [MainThread]: STDERR: "b''"
[0m08:44:32.053157 [info ] [MainThread]:  - git [[32mOK found[0m]

[0m08:44:32.054065 [info ] [MainThread]: [31m2 checks failed:[0m
[0m08:44:32.055262 [info ] [MainThread]: Could not load dbt_project.yml

[0m08:44:32.056315 [info ] [MainThread]: Profile loading failed for the following reason:
Runtime Error
  Credentials in profile "greenery", target "dev" invalid: ['dbname'] is not of type 'string'


[0m08:44:32.057792 [debug] [MainThread]: Command `dbt debug` failed at 08:44:32.057604 after 0.09 seconds
[0m08:44:32.058649 [debug] [MainThread]: Sending event: {'category': 'dbt', 'action': 'invocation', 'label': 'end', 'context': [<snowplow_tracker.self_describing_json.SelfDescribingJson object at 0x7f9d5c589a20>, <snowplow_tracker.self_describing_json.SelfDescribingJson object at 0x7f9d5aba7df0>, <snowplow_tracker.self_describing_json.SelfDescribingJson object at 0x7f9d5aaa2650>]}
[0m08:44:32.059487 [debug] [MainThread]: Flushing usage events
[0m08:45:45.848983 [debug] [MainThread]: Sending event: {'category': 'dbt', 'action': 'invocation', 'label': 'start', 'context': [<snowplow_tracker.self_describing_json.SelfDescribingJson object at 0x7f08759c1a20>, <snowplow_tracker.self_describing_json.SelfDescribingJson object at 0x7f0873f8fdc0>, <snowplow_tracker.self_describing_json.SelfDescribingJson object at 0x7f0873f8fd90>]}


============================== 08:45:45.852159 | 61c0e7fe-47a1-484f-ad46-8ddb0acd7aaf ==============================
[0m08:45:45.852159 [info ] [MainThread]: Running with dbt=1.5.1
[0m08:45:45.853146 [debug] [MainThread]: running dbt with arguments {'printer_width': '80', 'indirect_selection': 'eager', 'write_json': 'True', 'log_cache_events': 'False', 'partial_parse': 'True', 'cache_selected_only': 'False', 'profiles_dir': '/home/codespace/.dbt', 'fail_fast': 'False', 'debug': 'False', 'log_path': 'logs', 'version_check': 'True', 'warn_error': 'None', 'use_colors': 'True', 'use_experimental_parser': 'False', 'no_print': 'None', 'quiet': 'False', 'warn_error_options': 'WarnErrorOptions(include=[], exclude=[])', 'static_parser': 'True', 'log_format': 'default', 'introspect': 'True', 'target_path': 'None', 'send_anonymous_usage_stats': 'True'}
[0m08:45:45.853890 [info ] [MainThread]: dbt version: 1.5.1
[0m08:45:45.854698 [info ] [MainThread]: python version: 3.10.13
[0m08:45:45.855465 [info ] [MainThread]: python path: /workspaces/dw-and-bi/getting-started-with-analytics-engineering-main/ENV/bin/python
[0m08:45:45.856224 [info ] [MainThread]: os info: Linux-6.2.0-1019-azure-x86_64-with-glibc2.31
[0m08:45:45.856958 [info ] [MainThread]: Using profiles.yml file at /home/codespace/.dbt/profiles.yml
[0m08:45:45.857702 [info ] [MainThread]: Using dbt_project.yml file at /workspaces/dw-and-bi/getting-started-with-analytics-engineering-main/dbt_project.yml
[0m08:45:45.858575 [info ] [MainThread]: Configuration:
[0m08:45:45.906730 [info ] [MainThread]:   profiles.yml file [[32mOK found and valid[0m]
[0m08:45:45.907658 [info ] [MainThread]:   dbt_project.yml file [[31mERROR not found[0m]
[0m08:45:45.908448 [info ] [MainThread]: Required dependencies:
[0m08:45:45.909231 [debug] [MainThread]: Executing "git --help"
[0m08:45:45.912088 [debug] [MainThread]: STDOUT: "b"usage: git [-v | --version] [-h | --help] [-C <path>] [-c <name>=<value>]\n           [--exec-path[=<path>]] [--html-path] [--man-path] [--info-path]\n           [-p | --paginate | -P | --no-pager] [--no-replace-objects] [--bare]\n           [--git-dir=<path>] [--work-tree=<path>] [--namespace=<name>]\n           [--config-env=<name>=<envvar>] <command> [<args>]\n\nThese are common Git commands used in various situations:\n\nstart a working area (see also: git help tutorial)\n   clone     Clone a repository into a new directory\n   init      Create an empty Git repository or reinitialize an existing one\n\nwork on the current change (see also: git help everyday)\n   add       Add file contents to the index\n   mv        Move or rename a file, a directory, or a symlink\n   restore   Restore working tree files\n   rm        Remove files from the working tree and from the index\n\nexamine the history and state (see also: git help revisions)\n   bisect    Use binary search to find the commit that introduced a bug\n   diff      Show changes between commits, commit and working tree, etc\n   grep      Print lines matching a pattern\n   log       Show commit logs\n   show      Show various types of objects\n   status    Show the working tree status\n\ngrow, mark and tweak your common history\n   branch    List, create, or delete branches\n   commit    Record changes to the repository\n   merge     Join two or more development histories together\n   rebase    Reapply commits on top of another base tip\n   reset     Reset current HEAD to the specified state\n   switch    Switch branches\n   tag       Create, list, delete or verify a tag object signed with GPG\n\ncollaborate (see also: git help workflows)\n   fetch     Download objects and refs from another repository\n   pull      Fetch from and integrate with another repository or a local branch\n   push      Update remote refs along with associated objects\n\n'git help -a' and 'git help -g' list available subcommands and some\nconcept guides. See 'git help <command>' or 'git help <concept>'\nto read about a specific subcommand or concept.\nSee 'git help git' for an overview of the system.\n""
[0m08:45:45.912798 [debug] [MainThread]: STDERR: "b''"
[0m08:45:45.913478 [info ] [MainThread]:  - git [[32mOK found[0m]

[0m08:45:45.914657 [info ] [MainThread]: [31m1 check failed:[0m
[0m08:45:45.915728 [info ] [MainThread]: Could not load dbt_project.yml

[0m08:45:45.916670 [debug] [MainThread]: Command `dbt debug` failed at 08:45:45.916531 after 0.08 seconds
[0m08:45:45.917200 [debug] [MainThread]: Sending event: {'category': 'dbt', 'action': 'invocation', 'label': 'end', 'context': [<snowplow_tracker.self_describing_json.SelfDescribingJson object at 0x7f08759c1a20>, <snowplow_tracker.self_describing_json.SelfDescribingJson object at 0x7f0873f8fdf0>, <snowplow_tracker.self_describing_json.SelfDescribingJson object at 0x7f0873ea1f60>]}
[0m08:45:45.917760 [debug] [MainThread]: Flushing usage events
[0m08:50:04.404523 [debug] [MainThread]: Sending event: {'category': 'dbt', 'action': 'invocation', 'label': 'start', 'context': [<snowplow_tracker.self_describing_json.SelfDescribingJson object at 0x7f21cb65da20>, <snowplow_tracker.self_describing_json.SelfDescribingJson object at 0x7f21c9ba3e20>, <snowplow_tracker.self_describing_json.SelfDescribingJson object at 0x7f21c9ba3d90>]}


============================== 08:50:04.407371 | 4cbe88e1-fcb5-4ca1-aee9-37c5da8b6e64 ==============================
[0m08:50:04.407371 [info ] [MainThread]: Running with dbt=1.5.1
[0m08:50:04.408424 [debug] [MainThread]: running dbt with arguments {'printer_width': '80', 'indirect_selection': 'eager', 'log_cache_events': 'False', 'write_json': 'True', 'partial_parse': 'True', 'cache_selected_only': 'False', 'profiles_dir': '/home/codespace/.dbt', 'version_check': 'True', 'warn_error': 'None', 'log_path': 'logs', 'fail_fast': 'False', 'debug': 'False', 'use_colors': 'True', 'use_experimental_parser': 'False', 'no_print': 'None', 'quiet': 'False', 'warn_error_options': 'WarnErrorOptions(include=[], exclude=[])', 'static_parser': 'True', 'introspect': 'True', 'log_format': 'default', 'target_path': 'None', 'send_anonymous_usage_stats': 'True'}
[0m08:50:04.409156 [info ] [MainThread]: dbt version: 1.5.1
[0m08:50:04.409774 [info ] [MainThread]: python version: 3.10.13
[0m08:50:04.410478 [info ] [MainThread]: python path: /workspaces/dw-and-bi/getting-started-with-analytics-engineering-main/ENV/bin/python
[0m08:50:04.411148 [info ] [MainThread]: os info: Linux-6.2.0-1019-azure-x86_64-with-glibc2.31
[0m08:50:04.411822 [info ] [MainThread]: Using profiles.yml file at /home/codespace/.dbt/profiles.yml
[0m08:50:04.412505 [info ] [MainThread]: Using dbt_project.yml file at /workspaces/dw-and-bi/getting-started-with-analytics-engineering-main/dbt_project.yml
[0m08:50:04.413295 [info ] [MainThread]: Configuration:
[0m08:50:04.460016 [info ] [MainThread]:   profiles.yml file [[32mOK found and valid[0m]
[0m08:50:04.460881 [info ] [MainThread]:   dbt_project.yml file [[31mERROR not found[0m]
[0m08:50:04.461511 [info ] [MainThread]: Required dependencies:
[0m08:50:04.462208 [debug] [MainThread]: Executing "git --help"
[0m08:50:04.464936 [debug] [MainThread]: STDOUT: "b"usage: git [-v | --version] [-h | --help] [-C <path>] [-c <name>=<value>]\n           [--exec-path[=<path>]] [--html-path] [--man-path] [--info-path]\n           [-p | --paginate | -P | --no-pager] [--no-replace-objects] [--bare]\n           [--git-dir=<path>] [--work-tree=<path>] [--namespace=<name>]\n           [--config-env=<name>=<envvar>] <command> [<args>]\n\nThese are common Git commands used in various situations:\n\nstart a working area (see also: git help tutorial)\n   clone     Clone a repository into a new directory\n   init      Create an empty Git repository or reinitialize an existing one\n\nwork on the current change (see also: git help everyday)\n   add       Add file contents to the index\n   mv        Move or rename a file, a directory, or a symlink\n   restore   Restore working tree files\n   rm        Remove files from the working tree and from the index\n\nexamine the history and state (see also: git help revisions)\n   bisect    Use binary search to find the commit that introduced a bug\n   diff      Show changes between commits, commit and working tree, etc\n   grep      Print lines matching a pattern\n   log       Show commit logs\n   show      Show various types of objects\n   status    Show the working tree status\n\ngrow, mark and tweak your common history\n   branch    List, create, or delete branches\n   commit    Record changes to the repository\n   merge     Join two or more development histories together\n   rebase    Reapply commits on top of another base tip\n   reset     Reset current HEAD to the specified state\n   switch    Switch branches\n   tag       Create, list, delete or verify a tag object signed with GPG\n\ncollaborate (see also: git help workflows)\n   fetch     Download objects and refs from another repository\n   pull      Fetch from and integrate with another repository or a local branch\n   push      Update remote refs along with associated objects\n\n'git help -a' and 'git help -g' list available subcommands and some\nconcept guides. See 'git help <command>' or 'git help <concept>'\nto read about a specific subcommand or concept.\nSee 'git help git' for an overview of the system.\n""
[0m08:50:04.465442 [debug] [MainThread]: STDERR: "b''"
[0m08:50:04.465920 [info ] [MainThread]:  - git [[32mOK found[0m]

[0m08:50:04.466832 [info ] [MainThread]: [31m1 check failed:[0m
[0m08:50:04.467523 [info ] [MainThread]: Could not load dbt_project.yml

[0m08:50:04.468784 [debug] [MainThread]: Command `dbt debug` failed at 08:50:04.468590 after 0.07 seconds
[0m08:50:04.469302 [debug] [MainThread]: Sending event: {'category': 'dbt', 'action': 'invocation', 'label': 'end', 'context': [<snowplow_tracker.self_describing_json.SelfDescribingJson object at 0x7f21cb65da20>, <snowplow_tracker.self_describing_json.SelfDescribingJson object at 0x7f21c9ba3df0>, <snowplow_tracker.self_describing_json.SelfDescribingJson object at 0x7f21c9ab5870>]}
[0m08:50:04.469855 [debug] [MainThread]: Flushing usage events
[0m08:50:09.793088 [debug] [MainThread]: Sending event: {'category': 'dbt', 'action': 'invocation', 'label': 'start', 'context': [<snowplow_tracker.self_describing_json.SelfDescribingJson object at 0x7f3c4d995a20>, <snowplow_tracker.self_describing_json.SelfDescribingJson object at 0x7f3c4bfa3e50>, <snowplow_tracker.self_describing_json.SelfDescribingJson object at 0x7f3c4bfa3dc0>]}


============================== 08:50:09.796093 | 3e26b20e-ae2c-4724-9ade-ec24ad97dcf7 ==============================
[0m08:50:09.796093 [info ] [MainThread]: Running with dbt=1.5.1
[0m08:50:09.797162 [debug] [MainThread]: running dbt with arguments {'printer_width': '80', 'indirect_selection': 'eager', 'log_cache_events': 'False', 'write_json': 'True', 'partial_parse': 'True', 'cache_selected_only': 'False', 'warn_error': 'None', 'version_check': 'True', 'fail_fast': 'False', 'log_path': 'logs', 'profiles_dir': '/home/codespace/.dbt', 'debug': 'False', 'use_colors': 'True', 'use_experimental_parser': 'False', 'no_print': 'None', 'quiet': 'False', 'log_format': 'default', 'introspect': 'True', 'warn_error_options': 'WarnErrorOptions(include=[], exclude=[])', 'static_parser': 'True', 'target_path': 'None', 'send_anonymous_usage_stats': 'True'}
[0m08:50:13.676125 [info ] [MainThread]: A project called greenery already exists here.
[0m08:50:13.677767 [debug] [MainThread]: Command `dbt init` succeeded at 08:50:13.677576 after 3.89 seconds
[0m08:50:13.679146 [debug] [MainThread]: Sending event: {'category': 'dbt', 'action': 'invocation', 'label': 'end', 'context': [<snowplow_tracker.self_describing_json.SelfDescribingJson object at 0x7f3c4d995a20>, <snowplow_tracker.self_describing_json.SelfDescribingJson object at 0x7f3c4bfa3f40>, <snowplow_tracker.self_describing_json.SelfDescribingJson object at 0x7f3c4bfa3dc0>]}
[0m08:50:13.679792 [debug] [MainThread]: Flushing usage events
